
           ####    G N O M   ---   Version 4.5a revised 09/02/02     ####

                                                  Fri Nov 30 04:41:42 2007
           ===    Run No   1   ===
 Run title:   Merge of: A_c4_sub.dat B_c1_sub.dat


  Number of points omitted at the beginning:           7
   *******    Input file(s) : A_c1_c4_merged.dat
           Condition P(rmin) = 0 is used. 
           Condition P(rmax) = 0 is used. 

 Warning: Dmax*Smin =  5.004   is greater than Pi !


          Highest ALPHA is found to be   0.4986E+02

  The measure of inconsistency AN1 equals to    0.1262E+00
     Alpha    Discrp  Oscill  Stabil  Sysdev  Positv  Valcen    Total   
  0.4986E+05 46.4997  1.5895  0.9719  0.0000  1.0000  0.7594  0.21852
  0.9972E+04 43.4197  1.5896  0.9052  0.0000  1.0000  0.7589  0.21840
  0.1994E+04 32.8579  1.5910  0.6739  0.0104  1.0000  0.7565  0.21750
  0.3989E+03 16.2465  1.6120  0.2904  0.0104  1.0000  0.7437  0.20909
  0.7977E+02  6.8278  1.7758  0.1097  0.0208  1.0000  0.6879  0.26279
  0.1595E+02  2.4434  2.1470  0.1145  0.0208  1.0000  0.5864  0.19589
  0.3191E+01  0.7020  2.3883  0.0570  0.1146  1.0000  0.5333  0.36870
  0.6382E+00  0.2561  2.4779  0.0200  0.3125  1.0000  0.5220  0.33709
  0.1276E+00  0.1856  2.5083  0.0057  0.6458  1.0000  0.5209  0.33823
  0.2553E-01  0.1796  2.5181  0.0023  0.8438  1.0000  0.5211  0.38417
  0.5106E-02  0.1792  2.5219  0.0017  0.8021  1.0000  0.5213  0.35475
  0.1021E-02  0.1791  2.5258  0.0034  0.7812  1.0000  0.5211  0.34712
  0.2042E-03  0.1790  2.5428  0.0094  0.7604  1.0000  0.5210  0.34129
  0.4084E-04  0.1789  2.7009  0.0316  0.7604  0.9997  0.5224  0.32554
  0.8169E-05  0.1788  3.5900  0.0607  0.7812  0.9978  0.5223  0.28990
  0.1634E-05  0.1785  6.8653  0.2340  0.8021  0.9853  0.5035  0.10819
  0.3268E-06  0.1781 15.0472  0.4188  0.8229  0.9050  0.4030  0.00000

          ***  Golden section search to maximize estimate ***
     Alpha    Discrp  Oscill  Stabil  Sysdev  Positv  Valcen    Total   
  0.1380E-01  0.1793  2.5198  0.0019  0.8229  1.0000  0.5212  0.36662
  0.5164E-01  0.1806  2.5151  0.0031  0.7708  1.0000  0.5210  0.34481
  0.2019E-01  0.1795  2.5188  0.0021  0.8438  1.0000  0.5212  0.38417
  0.3341E-01  0.1799  2.5171  0.0025  0.8438  1.0000  0.5211  0.38417
  0.3945E-01  0.1801  2.5164  0.0027  0.8333  1.0000  0.5211  0.37462
  0.3015E-01  0.1798  2.5175  0.0024  0.8438  1.0000  0.5211  0.38417
  0.2829E-01  0.1797  2.5177  0.0024  0.8438  1.0000  0.5211  0.38417
  0.3135E-01  0.1798  2.5173  0.0024  0.8438  1.0000  0.5211  0.38417
  0.2942E-01  0.1798  2.5176  0.0024  0.8438  1.0000  0.5211  0.38417
  0.2899E-01  0.1797  2.5176  0.0024  0.8438  1.0000  0.5211  0.38417
  0.2970E-01  0.1798  2.5175  0.0024  0.8438  1.0000  0.5211  0.38417
  0.2987E-01  0.1798  2.5175  0.0024  0.8438  1.0000  0.5211  0.38417
  0.2959E-01  0.1798  2.5175  0.0024  0.8438  1.0000  0.5211  0.38417
  0.2976E-01  0.1798  2.5175  0.0024  0.8438  1.0000  0.5211  0.38417
  0.2976E-01  0.1798  2.5175  0.0024  0.8438  1.0000  0.5211  0.38417



             ####            Final results            ####

 Parameter    DISCRP    OSCILL    STABIL    SYSDEV    POSITV    VALCEN
 Weight        1.000     3.000     3.000     3.000     1.000     1.000
 Sigma         0.300     0.600     0.120     0.120     0.120     0.120
 Ideal         0.700     1.100     0.000     1.000     1.000     0.950
 Current       0.180     2.518     0.002     0.844     1.000     0.521
                - - - - - - - - - - - - - - - - - - - - - - - - - 
 Estimate      0.049     0.004     1.000     0.184     1.000     0.000

  Angular   range    :     from    0.0246   to    0.2356
  Real space range   :     from      0.00   to    203.50

  Highest ALPHA (theor) :   0.499E+05                 JOB = 0
  Current ALPHA         :   0.298E-01   Rg :  0.349E+02   I(0) :   0.425E+02

           Total  estimate : 0.384  which is  A SUSPICIOUS  solution

      S          J EXP       ERROR       J REG       I REG

  0.0000E+00                                      0.4247E+02
  0.1118E-02                                      0.4245E+02
  0.2235E-02                                      0.4239E+02
  0.3353E-02                                      0.4228E+02
  0.4471E-02                                      0.4213E+02
  0.5588E-02                                      0.4193E+02
  0.6706E-02                                      0.4170E+02
  0.7824E-02                                      0.4143E+02
  0.8941E-02                                      0.4112E+02
  0.1006E-01                                      0.4077E+02
  0.1118E-01                                      0.4039E+02
  0.1229E-01                                      0.3997E+02
  0.1341E-01                                      0.3952E+02
  0.1453E-01                                      0.3905E+02
  0.1565E-01                                      0.3854E+02
  0.1677E-01                                      0.3801E+02
  0.1788E-01                                      0.3746E+02
  0.1900E-01                                      0.3688E+02
  0.2012E-01                                      0.3628E+02
  0.2124E-01                                      0.3567E+02
  0.2235E-01                                      0.3504E+02
  0.2347E-01                                      0.3439E+02
  0.2459E-01  0.3394E+02  0.2100E+00  0.3373E+02  0.3373E+02
  0.2569E-01  0.3303E+02  0.2135E+00  0.3307E+02  0.3307E+02
  0.2679E-01  0.3223E+02  0.2167E+00  0.3240E+02  0.3240E+02
  0.2789E-01  0.3165E+02  0.2197E+00  0.3172E+02  0.3172E+02
  0.2898E-01  0.3102E+02  0.2226E+00  0.3104E+02  0.3104E+02
  0.3008E-01  0.3037E+02  0.2248E+00  0.3035E+02  0.3035E+02
  0.3118E-01  0.2973E+02  0.2269E+00  0.2965E+02  0.2965E+02
  0.3228E-01  0.2914E+02  0.2293E+00  0.2895E+02  0.2895E+02
  0.3338E-01  0.2826E+02  0.2312E+00  0.2824E+02  0.2824E+02
  0.3448E-01  0.2767E+02  0.2331E+00  0.2754E+02  0.2754E+02
  0.3558E-01  0.2689E+02  0.2346E+00  0.2683E+02  0.2683E+02
  0.3668E-01  0.2614E+02  0.2365E+00  0.2613E+02  0.2613E+02
  0.3778E-01  0.2526E+02  0.2381E+00  0.2542E+02  0.2542E+02
  0.3888E-01  0.2451E+02  0.2396E+00  0.2472E+02  0.2472E+02
  0.3997E-01  0.2387E+02  0.2413E+00  0.2402E+02  0.2402E+02
  0.4107E-01  0.2340E+02  0.2431E+00  0.2332E+02  0.2332E+02
  0.4217E-01  0.2260E+02  0.2448E+00  0.2263E+02  0.2263E+02
  0.4327E-01  0.2199E+02  0.2464E+00  0.2194E+02  0.2194E+02
  0.4437E-01  0.2127E+02  0.2477E+00  0.2126E+02  0.2126E+02
  0.4547E-01  0.2056E+02  0.2493E+00  0.2059E+02  0.2059E+02
  0.4657E-01  0.1991E+02  0.2505E+00  0.1993E+02  0.1993E+02
  0.4767E-01  0.1937E+02  0.2518E+00  0.1927E+02  0.1927E+02
  0.4877E-01  0.1872E+02  0.2537E+00  0.1863E+02  0.1863E+02
  0.4986E-01  0.1806E+02  0.2554E+00  0.1799E+02  0.1799E+02
  0.5096E-01  0.1738E+02  0.2566E+00  0.1737E+02  0.1737E+02
  0.5206E-01  0.1670E+02  0.2583E+00  0.1675E+02  0.1675E+02
  0.5316E-01  0.1629E+02  0.2594E+00  0.1615E+02  0.1615E+02
  0.5426E-01  0.1566E+02  0.2606E+00  0.1557E+02  0.1557E+02
  0.5536E-01  0.1503E+02  0.2619E+00  0.1499E+02  0.1499E+02
  0.5646E-01  0.1448E+02  0.2627E+00  0.1443E+02  0.1443E+02
  0.5756E-01  0.1393E+02  0.2637E+00  0.1388E+02  0.1388E+02
  0.5866E-01  0.1308E+02  0.1877E+00  0.1335E+02  0.1335E+02
  0.5976E-01  0.1279E+02  0.1422E+00  0.1283E+02  0.1283E+02
  0.6085E-01  0.1236E+02  0.1415E+00  0.1233E+02  0.1233E+02
  0.6195E-01  0.1189E+02  0.1422E+00  0.1184E+02  0.1184E+02
  0.6305E-01  0.1139E+02  0.1428E+00  0.1136E+02  0.1136E+02
  0.6415E-01  0.1095E+02  0.1433E+00  0.1090E+02  0.1090E+02
  0.6525E-01  0.1046E+02  0.1438E+00  0.1045E+02  0.1045E+02
  0.6635E-01  0.9980E+01  0.1444E+00  0.1002E+02  0.1002E+02
  0.6745E-01  0.9535E+01  0.1449E+00  0.9606E+01  0.9606E+01
  0.6855E-01  0.9177E+01  0.1454E+00  0.9204E+01  0.9204E+01
  0.6965E-01  0.8825E+01  0.1459E+00  0.8815E+01  0.8815E+01
  0.7074E-01  0.8480E+01  0.1465E+00  0.8441E+01  0.8441E+01
  0.7184E-01  0.8084E+01  0.1468E+00  0.8080E+01  0.8080E+01
  0.7294E-01  0.7779E+01  0.1473E+00  0.7733E+01  0.7733E+01
  0.7404E-01  0.7416E+01  0.1478E+00  0.7400E+01  0.7400E+01
  0.7514E-01  0.7081E+01  0.1483E+00  0.7080E+01  0.7080E+01
  0.7624E-01  0.6777E+01  0.1488E+00  0.6773E+01  0.6773E+01
  0.7734E-01  0.6464E+01  0.1493E+00  0.6479E+01  0.6479E+01
  0.7844E-01  0.6216E+01  0.1497E+00  0.6197E+01  0.6197E+01
  0.7954E-01  0.5930E+01  0.1503E+00  0.5929E+01  0.5929E+01
  0.8064E-01  0.5648E+01  0.1506E+00  0.5672E+01  0.5672E+01
  0.8173E-01  0.5402E+01  0.1509E+00  0.5427E+01  0.5427E+01
  0.8283E-01  0.5197E+01  0.1514E+00  0.5195E+01  0.5195E+01
  0.8393E-01  0.4959E+01  0.1517E+00  0.4973E+01  0.4973E+01
  0.8503E-01  0.4776E+01  0.1521E+00  0.4763E+01  0.4763E+01
  0.8613E-01  0.4603E+01  0.1527E+00  0.4564E+01  0.4564E+01
  0.8723E-01  0.4372E+01  0.1528E+00  0.4375E+01  0.4375E+01
  0.8833E-01  0.4175E+01  0.1533E+00  0.4196E+01  0.4196E+01
  0.8943E-01  0.4009E+01  0.1535E+00  0.4027E+01  0.4027E+01
  0.9053E-01  0.3854E+01  0.1539E+00  0.3868E+01  0.3868E+01
  0.9162E-01  0.3702E+01  0.1541E+00  0.3718E+01  0.3718E+01
  0.9272E-01  0.3564E+01  0.1545E+00  0.3576E+01  0.3576E+01
  0.9382E-01  0.3445E+01  0.1548E+00  0.3443E+01  0.3443E+01
  0.9492E-01  0.3328E+01  0.1551E+00  0.3317E+01  0.3317E+01
  0.9602E-01  0.3220E+01  0.1554E+00  0.3199E+01  0.3199E+01
  0.9712E-01  0.3125E+01  0.1556E+00  0.3088E+01  0.3088E+01
  0.9822E-01  0.2994E+01  0.1558E+00  0.2983E+01  0.2983E+01
  0.9932E-01  0.2881E+01  0.1559E+00  0.2884E+01  0.2884E+01
  0.1004E+00  0.2785E+01  0.1561E+00  0.2790E+01  0.2790E+01
  0.1015E+00  0.2700E+01  0.1564E+00  0.2702E+01  0.2702E+01
  0.1026E+00  0.2591E+01  0.1568E+00  0.2618E+01  0.2618E+01
  0.1037E+00  0.2486E+01  0.1571E+00  0.2539E+01  0.2539E+01
  0.1048E+00  0.2418E+01  0.1572E+00  0.2464E+01  0.2464E+01
  0.1059E+00  0.2394E+01  0.1670E+00  0.2392E+01  0.2392E+01
  0.1070E+00  0.2347E+01  0.1087E+00  0.2324E+01  0.2324E+01
  0.1081E+00  0.2268E+01  0.1089E+00  0.2258E+01  0.2258E+01
  0.1092E+00  0.2195E+01  0.1090E+00  0.2196E+01  0.2196E+01
  0.1103E+00  0.2131E+01  0.1093E+00  0.2135E+01  0.2135E+01
  0.1114E+00  0.2072E+01  0.1094E+00  0.2077E+01  0.2077E+01
  0.1125E+00  0.2033E+01  0.1095E+00  0.2021E+01  0.2021E+01
  0.1136E+00  0.1981E+01  0.1098E+00  0.1967E+01  0.1967E+01
  0.1147E+00  0.1927E+01  0.1100E+00  0.1914E+01  0.1914E+01
  0.1158E+00  0.1888E+01  0.1102E+00  0.1863E+01  0.1863E+01
  0.1169E+00  0.1802E+01  0.1104E+00  0.1813E+01  0.1813E+01
  0.1180E+00  0.1754E+01  0.1105E+00  0.1765E+01  0.1765E+01
  0.1191E+00  0.1703E+01  0.1106E+00  0.1718E+01  0.1718E+01
  0.1202E+00  0.1655E+01  0.1108E+00  0.1671E+01  0.1671E+01
  0.1213E+00  0.1613E+01  0.1110E+00  0.1626E+01  0.1626E+01
  0.1224E+00  0.1577E+01  0.1112E+00  0.1582E+01  0.1582E+01
  0.1235E+00  0.1548E+01  0.1114E+00  0.1539E+01  0.1539E+01
  0.1246E+00  0.1494E+01  0.1116E+00  0.1496E+01  0.1496E+01
  0.1257E+00  0.1454E+01  0.1116E+00  0.1455E+01  0.1455E+01
  0.1268E+00  0.1419E+01  0.1118E+00  0.1414E+01  0.1414E+01
  0.1279E+00  0.1382E+01  0.1119E+00  0.1374E+01  0.1374E+01
  0.1290E+00  0.1333E+01  0.1121E+00  0.1334E+01  0.1334E+01
  0.1301E+00  0.1285E+01  0.1122E+00  0.1296E+01  0.1296E+01
  0.1312E+00  0.1252E+01  0.1123E+00  0.1257E+01  0.1257E+01
  0.1323E+00  0.1233E+01  0.1125E+00  0.1220E+01  0.1220E+01
  0.1334E+00  0.1207E+01  0.1125E+00  0.1183E+01  0.1183E+01
  0.1345E+00  0.1153E+01  0.1126E+00  0.1147E+01  0.1147E+01
  0.1356E+00  0.1113E+01  0.1128E+00  0.1111E+01  0.1111E+01
  0.1367E+00  0.1077E+01  0.1130E+00  0.1076E+01  0.1076E+01
  0.1378E+00  0.1031E+01  0.1131E+00  0.1042E+01  0.1042E+01
  0.1389E+00  0.1012E+01  0.1131E+00  0.1008E+01  0.1008E+01
  0.1400E+00  0.9746E+00  0.1132E+00  0.9745E+00  0.9745E+00
  0.1411E+00  0.9349E+00  0.1133E+00  0.9419E+00  0.9419E+00
  0.1422E+00  0.9122E+00  0.1135E+00  0.9098E+00  0.9098E+00
  0.1433E+00  0.8778E+00  0.1136E+00  0.8784E+00  0.8784E+00
  0.1444E+00  0.8489E+00  0.1137E+00  0.8478E+00  0.8478E+00
  0.1455E+00  0.8144E+00  0.1138E+00  0.8178E+00  0.8178E+00
  0.1466E+00  0.7823E+00  0.1138E+00  0.7886E+00  0.7886E+00
  0.1477E+00  0.7567E+00  0.1139E+00  0.7601E+00  0.7601E+00
  0.1488E+00  0.7326E+00  0.1141E+00  0.7323E+00  0.7323E+00
  0.1499E+00  0.7040E+00  0.1141E+00  0.7054E+00  0.7054E+00
  0.1510E+00  0.6828E+00  0.1142E+00  0.6791E+00  0.6791E+00
  0.1521E+00  0.6574E+00  0.1142E+00  0.6537E+00  0.6537E+00
  0.1532E+00  0.6310E+00  0.1143E+00  0.6291E+00  0.6291E+00
  0.1543E+00  0.6114E+00  0.1146E+00  0.6052E+00  0.6052E+00
  0.1554E+00  0.5759E+00  0.1146E+00  0.5821E+00  0.5821E+00
  0.1565E+00  0.5612E+00  0.1146E+00  0.5598E+00  0.5598E+00
  0.1576E+00  0.5381E+00  0.1146E+00  0.5382E+00  0.5382E+00
  0.1587E+00  0.5205E+00  0.1148E+00  0.5173E+00  0.5173E+00
  0.1598E+00  0.4819E+00  0.1147E+00  0.4972E+00  0.4972E+00
  0.1609E+00  0.4644E+00  0.1149E+00  0.4776E+00  0.4776E+00
  0.1620E+00  0.4593E+00  0.1150E+00  0.4589E+00  0.4589E+00
  0.1631E+00  0.4456E+00  0.1150E+00  0.4407E+00  0.4407E+00
  0.1642E+00  0.4285E+00  0.1152E+00  0.4232E+00  0.4232E+00
  0.1653E+00  0.4087E+00  0.1152E+00  0.4063E+00  0.4063E+00
  0.1664E+00  0.3946E+00  0.1154E+00  0.3900E+00  0.3900E+00
  0.1675E+00  0.3736E+00  0.1153E+00  0.3743E+00  0.3743E+00
  0.1686E+00  0.3569E+00  0.1154E+00  0.3592E+00  0.3592E+00
  0.1697E+00  0.3505E+00  0.1155E+00  0.3447E+00  0.3447E+00
  0.1707E+00  0.3340E+00  0.1156E+00  0.3308E+00  0.3308E+00
  0.1718E+00  0.3145E+00  0.1156E+00  0.3175E+00  0.3175E+00
  0.1729E+00  0.3053E+00  0.1156E+00  0.3049E+00  0.3049E+00
  0.1740E+00  0.3018E+00  0.1156E+00  0.2928E+00  0.2928E+00
  0.1751E+00  0.2763E+00  0.1158E+00  0.2814E+00  0.2814E+00
  0.1762E+00  0.2720E+00  0.1157E+00  0.2706E+00  0.2706E+00
  0.1773E+00  0.2456E+00  0.1159E+00  0.2605E+00  0.2605E+00
  0.1784E+00  0.2374E+00  0.1159E+00  0.2510E+00  0.2510E+00
  0.1795E+00  0.2362E+00  0.1160E+00  0.2423E+00  0.2423E+00
  0.1806E+00  0.2199E+00  0.1159E+00  0.2341E+00  0.2341E+00
  0.1817E+00  0.2183E+00  0.1160E+00  0.2266E+00  0.2266E+00
  0.1828E+00  0.2278E+00  0.1162E+00  0.2197E+00  0.2197E+00
  0.1839E+00  0.2070E+00  0.1163E+00  0.2135E+00  0.2135E+00
  0.1850E+00  0.2022E+00  0.1163E+00  0.2080E+00  0.2080E+00
  0.1861E+00  0.2088E+00  0.1164E+00  0.2030E+00  0.2030E+00
  0.1872E+00  0.1955E+00  0.1163E+00  0.1986E+00  0.1986E+00
  0.1883E+00  0.1971E+00  0.1163E+00  0.1947E+00  0.1947E+00
  0.1894E+00  0.1909E+00  0.1163E+00  0.1913E+00  0.1913E+00
  0.1905E+00  0.1934E+00  0.1163E+00  0.1884E+00  0.1884E+00
  0.1916E+00  0.1840E+00  0.1164E+00  0.1858E+00  0.1858E+00
  0.1927E+00  0.1831E+00  0.1165E+00  0.1837E+00  0.1837E+00
  0.1938E+00  0.1916E+00  0.1165E+00  0.1819E+00  0.1819E+00
  0.1949E+00  0.1789E+00  0.1165E+00  0.1804E+00  0.1804E+00
  0.1960E+00  0.1796E+00  0.1165E+00  0.1791E+00  0.1791E+00
  0.1971E+00  0.1699E+00  0.1164E+00  0.1780E+00  0.1780E+00
  0.1982E+00  0.1667E+00  0.1165E+00  0.1772E+00  0.1772E+00
  0.1993E+00  0.1697E+00  0.1164E+00  0.1765E+00  0.1765E+00
  0.2004E+00  0.1756E+00  0.1166E+00  0.1759E+00  0.1759E+00
  0.2015E+00  0.1737E+00  0.1166E+00  0.1755E+00  0.1755E+00
  0.2026E+00  0.1678E+00  0.1165E+00  0.1751E+00  0.1751E+00
  0.2037E+00  0.1780E+00  0.1164E+00  0.1749E+00  0.1749E+00
  0.2048E+00  0.1823E+00  0.1165E+00  0.1747E+00  0.1747E+00
  0.2059E+00  0.1764E+00  0.1165E+00  0.1746E+00  0.1746E+00
  0.2070E+00  0.1655E+00  0.1165E+00  0.1747E+00  0.1747E+00
  0.2081E+00  0.1726E+00  0.1165E+00  0.1748E+00  0.1748E+00
  0.2092E+00  0.1764E+00  0.1166E+00  0.1750E+00  0.1750E+00
  0.2103E+00  0.1747E+00  0.1165E+00  0.1753E+00  0.1753E+00
  0.2114E+00  0.1805E+00  0.1165E+00  0.1758E+00  0.1758E+00
  0.2125E+00  0.1691E+00  0.1166E+00  0.1763E+00  0.1763E+00
  0.2136E+00  0.1767E+00  0.1166E+00  0.1770E+00  0.1770E+00
  0.2147E+00  0.1683E+00  0.1165E+00  0.1778E+00  0.1778E+00
  0.2158E+00  0.1770E+00  0.1165E+00  0.1788E+00  0.1788E+00
  0.2169E+00  0.1860E+00  0.1165E+00  0.1798E+00  0.1798E+00
  0.2180E+00  0.1832E+00  0.1166E+00  0.1809E+00  0.1809E+00
  0.2191E+00  0.1857E+00  0.1165E+00  0.1821E+00  0.1821E+00
  0.2202E+00  0.1860E+00  0.1165E+00  0.1834E+00  0.1834E+00
  0.2213E+00  0.1782E+00  0.1166E+00  0.1847E+00  0.1847E+00
  0.2224E+00  0.1765E+00  0.1164E+00  0.1859E+00  0.1859E+00
  0.2235E+00  0.1839E+00  0.1165E+00  0.1872E+00  0.1872E+00
  0.2246E+00  0.1908E+00  0.1165E+00  0.1884E+00  0.1884E+00
  0.2257E+00  0.1935E+00  0.1165E+00  0.1896E+00  0.1896E+00
  0.2268E+00  0.1926E+00  0.1165E+00  0.1905E+00  0.1905E+00
  0.2279E+00  0.1895E+00  0.1165E+00  0.1914E+00  0.1914E+00
  0.2290E+00  0.1958E+00  0.1163E+00  0.1920E+00  0.1920E+00
  0.2301E+00  0.1905E+00  0.1164E+00  0.1925E+00  0.1925E+00
  0.2312E+00  0.2014E+00  0.1164E+00  0.1928E+00  0.1928E+00
  0.2323E+00  0.2042E+00  0.1164E+00  0.1928E+00  0.1928E+00
  0.2334E+00  0.2103E+00  0.1164E+00  0.1926E+00  0.1926E+00
  0.2345E+00  0.1952E+00  0.1163E+00  0.1921E+00  0.1921E+00
  0.2356E+00  0.1899E+00  0.1164E+00  0.1914E+00  0.1914E+00

           Distance distribution  function of particle  


       R          P(R)      ERROR

  0.0000E+00  0.0000E+00  0.0000E+00
  0.2035E+01  0.2257E-02  0.0000E+00
  0.4070E+01  0.5496E-02  0.0000E+00
  0.6105E+01  0.9654E-02  0.0000E+00
  0.8140E+01  0.1463E-01  0.0000E+00
  0.1018E+02  0.2027E-01  0.0000E+00
  0.1221E+02  0.2638E-01  0.0000E+00
  0.1425E+02  0.3275E-01  0.0000E+00
  0.1628E+02  0.3913E-01  0.0000E+00
  0.1832E+02  0.4525E-01  0.0000E+00
  0.2035E+02  0.5086E-01  0.0000E+00
  0.2239E+02  0.5574E-01  0.0000E+00
  0.2442E+02  0.5973E-01  0.0000E+00
  0.2646E+02  0.6271E-01  0.0000E+00
  0.2849E+02  0.6466E-01  0.0000E+00
  0.3053E+02  0.6561E-01  0.0000E+00
  0.3256E+02  0.6570E-01  0.0000E+00
  0.3459E+02  0.6507E-01  0.0000E+00
  0.3663E+02  0.6392E-01  0.0000E+00
  0.3867E+02  0.6246E-01  0.0000E+00
  0.4070E+02  0.6084E-01  0.0000E+00
  0.4273E+02  0.5921E-01  0.0000E+00
  0.4477E+02  0.5761E-01  0.0000E+00
  0.4681E+02  0.5607E-01  0.0000E+00
  0.4884E+02  0.5452E-01  0.0000E+00
  0.5088E+02  0.5288E-01  0.0000E+00
  0.5291E+02  0.5103E-01  0.0000E+00
  0.5495E+02  0.4888E-01  0.0000E+00
  0.5698E+02  0.4634E-01  0.0000E+00
  0.5902E+02  0.4338E-01  0.0000E+00
  0.6105E+02  0.4002E-01  0.0000E+00
  0.6309E+02  0.3632E-01  0.0000E+00
  0.6512E+02  0.3241E-01  0.0000E+00
  0.6716E+02  0.2842E-01  0.0000E+00
  0.6919E+02  0.2451E-01  0.0000E+00
  0.7123E+02  0.2082E-01  0.0000E+00
  0.7326E+02  0.1746E-01  0.0000E+00
  0.7530E+02  0.1450E-01  0.0000E+00
  0.7733E+02  0.1199E-01  0.0000E+00
  0.7937E+02  0.9903E-02  0.0000E+00
  0.8140E+02  0.8202E-02  0.0000E+00
  0.8344E+02  0.6824E-02  0.0000E+00
  0.8547E+02  0.5700E-02  0.0000E+00
  0.8751E+02  0.4766E-02  0.0000E+00
  0.8954E+02  0.3973E-02  0.0000E+00
  0.9158E+02  0.3291E-02  0.0000E+00
  0.9361E+02  0.2710E-02  0.0000E+00
  0.9565E+02  0.2231E-02  0.0000E+00
  0.9768E+02  0.1865E-02  0.0000E+00
  0.9972E+02  0.1621E-02  0.0000E+00
  0.1018E+03  0.1498E-02  0.0000E+00
  0.1038E+03  0.1488E-02  0.0000E+00
  0.1058E+03  0.1565E-02  0.0000E+00
  0.1079E+03  0.1696E-02  0.0000E+00
  0.1099E+03  0.1843E-02  0.0000E+00
  0.1119E+03  0.1969E-02  0.0000E+00
  0.1140E+03  0.2044E-02  0.0000E+00
  0.1160E+03  0.2051E-02  0.0000E+00
  0.1180E+03  0.1987E-02  0.0000E+00
  0.1201E+03  0.1862E-02  0.0000E+00
  0.1221E+03  0.1697E-02  0.0000E+00
  0.1241E+03  0.1516E-02  0.0000E+00
  0.1262E+03  0.1342E-02  0.0000E+00
  0.1282E+03  0.1194E-02  0.0000E+00
  0.1302E+03  0.1077E-02  0.0000E+00
  0.1323E+03  0.9907E-03  0.0000E+00
  0.1343E+03  0.9231E-03  0.0000E+00
  0.1363E+03  0.8587E-03  0.0000E+00
  0.1384E+03  0.7818E-03  0.0000E+00
  0.1404E+03  0.6814E-03  0.0000E+00
  0.1425E+03  0.5543E-03  0.0000E+00
  0.1445E+03  0.4069E-03  0.0000E+00
  0.1465E+03  0.2541E-03  0.0000E+00
  0.1486E+03  0.1162E-03  0.0000E+00
  0.1506E+03  0.1431E-04  0.0000E+00
  0.1526E+03 -0.3443E-04  0.0000E+00
  0.1547E+03 -0.2129E-04  0.0000E+00
  0.1567E+03  0.5166E-04  0.0000E+00
  0.1587E+03  0.1713E-03  0.0000E+00
  0.1608E+03  0.3155E-03  0.0000E+00
  0.1628E+03  0.4574E-03  0.0000E+00
  0.1648E+03  0.5707E-03  0.0000E+00
  0.1669E+03  0.6349E-03  0.0000E+00
  0.1689E+03  0.6396E-03  0.0000E+00
  0.1709E+03  0.5866E-03  0.0000E+00
  0.1730E+03  0.4899E-03  0.0000E+00
  0.1750E+03  0.3726E-03  0.0000E+00
  0.1770E+03  0.2624E-03  0.0000E+00
  0.1791E+03  0.1857E-03  0.0000E+00
  0.1811E+03  0.1620E-03  0.0000E+00
  0.1832E+03  0.1995E-03  0.0000E+00
  0.1852E+03  0.2931E-03  0.0000E+00
  0.1872E+03  0.4250E-03  0.0000E+00
  0.1893E+03  0.5672E-03  0.0000E+00
  0.1913E+03  0.6873E-03  0.0000E+00
  0.1933E+03  0.7543E-03  0.0000E+00
  0.1954E+03  0.7454E-03  0.0000E+00
  0.1974E+03  0.6506E-03  0.0000E+00
  0.1994E+03  0.4766E-03  0.0000E+00
  0.2015E+03  0.2468E-03  0.0000E+00
  0.2035E+03  0.0000E+00  0.0000E+00
          Reciprocal space: Rg =   34.90     , I(0) =   0.4247E+02
     Real space: Rg =   35.09 +- 0.000  I(0) =   0.4247E+02 +-  0.0000E+00